\BOOKMARK [1][-]{section*.2}{List of Tables}{}% 1
\BOOKMARK [1][-]{section*.4}{List of Figures}{}% 2
\BOOKMARK [1][-]{section*.6}{Glossary}{}% 3
\BOOKMARK [0][-]{chapter.1}{1 Introduction}{}% 4
\BOOKMARK [1][-]{section.1.1}{1.1 Problem definition}{chapter.1}% 5
\BOOKMARK [1][-]{section.1.2}{1.2 Motivation}{chapter.1}% 6
\BOOKMARK [1][-]{section.1.3}{1.3 Objectives}{chapter.1}% 7
\BOOKMARK [1][-]{section.1.4}{1.4 Document Outline}{chapter.1}% 8
\BOOKMARK [0][-]{chapter.2}{2 Background}{}% 9
\BOOKMARK [1][-]{section.2.1}{2.1 Technologies}{chapter.2}% 10
\BOOKMARK [2][-]{subsection.2.1.1}{2.1.1 GPS}{section.2.1}% 11
\BOOKMARK [2][-]{subsection.2.1.2}{2.1.2 Wi-Fi}{section.2.1}% 12
\BOOKMARK [2][-]{subsection.2.1.3}{2.1.3 Bluetooth}{section.2.1}% 13
\BOOKMARK [2][-]{subsection.2.1.4}{2.1.4 QR Codes}{section.2.1}% 14
\BOOKMARK [2][-]{subsection.2.1.5}{2.1.5 NFC}{section.2.1}% 15
\BOOKMARK [2][-]{subsection.2.1.6}{2.1.6 RFID}{section.2.1}% 16
\BOOKMARK [2][-]{subsection.2.1.7}{2.1.7 Comparison}{section.2.1}% 17
\BOOKMARK [1][-]{section.2.2}{2.2 Positioning Methods}{chapter.2}% 18
\BOOKMARK [2][-]{subsection.2.2.1}{2.2.1 Received Signal Strength}{section.2.2}% 19
\BOOKMARK [2][-]{subsection.2.2.2}{2.2.2 Proximity Sensing}{section.2.2}% 20
\BOOKMARK [2][-]{subsection.2.2.3}{2.2.3 Lateration}{section.2.2}% 21
\BOOKMARK [2][-]{subsection.2.2.4}{2.2.4 Angulation}{section.2.2}% 22
\BOOKMARK [2][-]{subsection.2.2.5}{2.2.5 Fingerprinting}{section.2.2}% 23
\BOOKMARK [1][-]{section.2.3}{2.3 Beacons Protocols}{chapter.2}% 24
\BOOKMARK [2][-]{subsection.2.3.1}{2.3.1 iBeacon}{section.2.3}% 25
\BOOKMARK [2][-]{subsection.2.3.2}{2.3.2 AltBeacon}{section.2.3}% 26
\BOOKMARK [2][-]{subsection.2.3.3}{2.3.3 Eddystone}{section.2.3}% 27
\BOOKMARK [2][-]{subsection.2.3.4}{2.3.4 URIbeacon}{section.2.3}% 28
\BOOKMARK [2][-]{subsection.2.3.5}{2.3.5 Comparison}{section.2.3}% 29
\BOOKMARK [1][-]{section.2.4}{2.4 Manufacturers}{chapter.2}% 30
\BOOKMARK [2][-]{subsection.2.4.1}{2.4.1 Estimote}{section.2.4}% 31
\BOOKMARK [2][-]{subsection.2.4.2}{2.4.2 Gimbal}{section.2.4}% 32
\BOOKMARK [2][-]{subsection.2.4.3}{2.4.3 Kontakt.io}{section.2.4}% 33
\BOOKMARK [2][-]{subsection.2.4.4}{2.4.4 Iotton}{section.2.4}% 34
\BOOKMARK [2][-]{subsection.2.4.5}{2.4.5 Shenzhen Sky Electronics Manufactory}{section.2.4}% 35
\BOOKMARK [2][-]{subsection.2.4.6}{2.4.6 Comparison}{section.2.4}% 36
\BOOKMARK [1][-]{section.2.5}{2.5 Applications}{chapter.2}% 37
\BOOKMARK [2][-]{subsection.2.5.1}{2.5.1 Launch Here}{section.2.5}% 38
\BOOKMARK [2][-]{subsection.2.5.2}{2.5.2 Ballpark}{section.2.5}% 39
\BOOKMARK [2][-]{subsection.2.5.3}{2.5.3 San Francisco International Airport}{section.2.5}% 40
\BOOKMARK [1][-]{section.2.6}{2.6 Summary}{chapter.2}% 41
\BOOKMARK [0][-]{chapter.3}{3 Design Choices}{}% 42
\BOOKMARK [1][-]{section.3.1}{3.1 Beacons}{chapter.3}% 43
\BOOKMARK [1][-]{section.3.2}{3.2 Mobile phone Application}{chapter.3}% 44
\BOOKMARK [1][-]{section.3.3}{3.3 Back-end}{chapter.3}% 45
\BOOKMARK [1][-]{section.3.4}{3.4 Implementation Scenarios}{chapter.3}% 46
\BOOKMARK [1][-]{section.3.5}{3.5 Summary}{chapter.3}% 47
\BOOKMARK [0][-]{chapter.4}{4 Thesis' Planning}{}% 48
\BOOKMARK [0][-]{section*.11}{Bibliography}{}% 49
